Vivado Simulator 2017.4
Copyright 1986-1999, 2001-2016 Xilinx, Inc. All Rights Reserved.
Running: F:/Xilinx/Vivado/2017.4/bin/unwrapped/win64.o/xelab.exe -wto 13484a027d4a4dd2a8b5041fa195ca2d --incr --debug typical --relax --mt 2 -L blk_mem_gen_v8_4_1 -L xil_defaultlib -L unisims_ver -L unimacro_ver -L secureip -L xpm --snapshot testbench_behav xil_defaultlib.testbench xil_defaultlib.glbl -log elaborate.log 
Using 2 slave threads.
Starting static elaboration
WARNING: [VRFC 10-1783] select index 62 into current_contents is out of bounds [/wrk/2017.4/nightly/2017_12_15_2086221/packages/customer/vivado/data/ip/xilinx/blk_mem_gen_v8_4/simulation/blk_mem_gen_v8_4.v:2420]
Completed static elaboration
Starting simulation data flow analysis
Completed simulation data flow analysis
Time Resolution for simulation is 1ps
Compiling module xil_defaultlib.maindec
Compiling module xil_defaultlib.aludec
Compiling module xil_defaultlib.controller
Compiling module xil_defaultlib.flopenr(WIDTH=32)
Compiling module xil_defaultlib.mux2(WIDTH=32)
Compiling module xil_defaultlib.flopr(WIDTH=32)
Compiling module xil_defaultlib.mux2(WIDTH=5)
Compiling module xil_defaultlib.regfile
Compiling module xil_defaultlib.signext
Compiling module xil_defaultlib.sl2
Compiling module xil_defaultlib.mux4(WIDTH=32)
Compiling module xil_defaultlib.alu
Compiling module xil_defaultlib.mux3(WIDTH=32)
Compiling module xil_defaultlib.datapath
Compiling module xil_defaultlib.mips
Compiling module blk_mem_gen_v8_4_1.blk_mem_gen_v8_4_1_output_stage(...
Compiling module blk_mem_gen_v8_4_1.blk_mem_gen_v8_4_1_softecc_outpu...
Compiling module blk_mem_gen_v8_4_1.blk_mem_gen_v8_4_1_mem_module(C_...
Compiling module blk_mem_gen_v8_4_1.blk_mem_gen_v8_4_1(C_FAMILY="art...
Compiling module xil_defaultlib.idmem
Compiling module xil_defaultlib.top
Compiling module xil_defaultlib.testbench
Compiling module xil_defaultlib.glbl
Built simulation snapshot testbench_behav
